Output
INSOMNIA
10
90
110
5076
9999990
9000000
3278225
1074240
9999910
74085
607296
2845056
6060243
3696180
3379040
900
172926
1255212
1522932
549904
5999964
7999984
900
2894682
243130
3067386
2727510
3031194
70
2740575
90
90
2663094
3638540
900000
891900
1964440
1914753
9000
30
4965325
1905870
1460547
1825708
1971070
763785
9999930
890643
2911845
90
6999965
3643630
92
3056742
3996540
1044276
765610
9999970
918
3523696
533170
9000000
2671050
3579705
1077840
2216856
2275615
3381732
2121105
5999976
1403820
5999952
79821
2084325
5625198
90
2704611
1992140
90000
3370576
4894500
5478
2356
96
794808
27816
9000
1872204
1029522
3566504
3214850
2990928
920
3568626
3945104
24970
47320
2958752
706388
